# JRE version: OpenJDK Runtime Environment (21.0.5) (build 21.0.5+-12932927-b750.29)
# Java VM: OpenJDK 64-Bit Server VM (21.0.5+-12932927-b750.29, mixed mode, tiered, compressed oops, compressed class ptrs, g1 gc, windows-amd64)
GC Precious Log:
 CardTable entry size: 512
 Card Set container configuration: InlinePtr #cards 5 size 8 Array Of Cards #cards 12 size 40 Howl #buckets 4 coarsen threshold 1843 Howl Bitmap #cards 512 size 80 coarsen threshold 460 Card regions per heap region 1 cards per card region 2048
 CPUs: 16 total, 16 available
 Memory: 16068M
 Large Page Support: Disabled
 NUMA Support: Disabled
 Compressed Oops: Enabled (32-bit)
 Heap Region Size: 1M
 Heap Min Capacity: 8M
 Heap Initial Capacity: 252M
 Heap Max Capacity: 2G
 Pre-touch: Disabled
 Parallel Workers: 13
 Concurrent Workers: 3
 Concurrent Refinement Workers: 13
 Periodic GC: Disabled
Heap:
 garbage-first heap   total 113664K, used 83325K [0x0000000080000000, 0x0000000100000000)
  region size 1024K, 29 young (29696K), 2 survivors (2048K)
 Metaspace       used 62203K, committed 63616K, reserved 1114112K
  class space    used 8460K, committed 9152K, reserved 1048576K
GC Heap History (20 events):
Event: 4.218 GC heap before
{Heap before GC invocations=6 (full 0):
 garbage-first heap   total 88064K, used 70027K [0x0000000080000000, 0x0000000100000000)
  region size 1024K, 51 young (52224K), 12 survivors (12288K)
 Metaspace       used 34899K, committed 35712K, reserved 1114112K
  class space    used 4656K, committed 5056K, reserved 1048576K
}
Event: 4.223 GC heap after
{Heap after GC invocations=7 (full 0):
 garbage-first heap   total 88064K, used 33562K [0x0000000080000000, 0x0000000100000000)
  region size 1024K, 7 young (7168K), 7 survivors (7168K)
 Metaspace       used 34899K, committed 35712K, reserved 1114112K
  class space    used 4656K, committed 5056K, reserved 1048576K
}
Event: 4.284 GC heap before
{Heap before GC invocations=7 (full 0):
 garbage-first heap   total 88064K, used 43802K [0x0000000080000000, 0x0000000100000000)
  region size 1024K, 12 young (12288K), 7 survivors (7168K)
 Metaspace       used 35153K, committed 35968K, reserved 1114112K
  class space    used 4693K, committed 5056K, reserved 1048576K
}
Event: 4.287 GC heap after
{Heap after GC invocations=8 (full 0):
 garbage-first heap   total 88064K, used 41745K [0x0000000080000000, 0x0000000100000000)
  region size 1024K, 6 young (6144K), 6 survivors (6144K)
 Metaspace       used 35153K, committed 35968K, reserved 1114112K
  class space    used 4693K, committed 5056K, reserved 1048576K
}
Event: 4.618 GC heap before
{Heap before GC invocations=9 (full 0):
 garbage-first heap   total 88064K, used 65297K [0x0000000080000000, 0x0000000100000000)
  region size 1024K, 29 young (29696K), 6 survivors (6144K)
 Metaspace       used 38019K, committed 39040K, reserved 1114112K
  class space    used 5143K, committed 5632K, reserved 1048576K
}
Event: 4.620 GC heap after
{Heap after GC invocations=10 (full 0):
 garbage-first heap   total 88064K, used 44840K [0x0000000080000000, 0x0000000100000000)
  region size 1024K, 4 young (4096K), 4 survivors (4096K)
 Metaspace       used 38019K, committed 39040K, reserved 1114112K
  class space    used 5143K, committed 5632K, reserved 1048576K
}
Event: 4.851 GC heap before
{Heap before GC invocations=10 (full 0):
 garbage-first heap   total 88064K, used 68392K [0x0000000080000000, 0x0000000100000000)
  region size 1024K, 27 young (27648K), 4 survivors (4096K)
 Metaspace       used 40790K, committed 41984K, reserved 1114112K
  class space    used 5610K, committed 6208K, reserved 1048576K
}
Event: 4.854 GC heap after
{Heap after GC invocations=11 (full 0):
 garbage-first heap   total 88064K, used 46365K [0x0000000080000000, 0x0000000100000000)
  region size 1024K, 4 young (4096K), 4 survivors (4096K)
 Metaspace       used 40790K, committed 41984K, reserved 1114112K
  class space    used 5610K, committed 6208K, reserved 1048576K
}
Event: 5.088 GC heap before
{Heap before GC invocations=11 (full 0):
 garbage-first heap   total 88064K, used 68893K [0x0000000080000000, 0x0000000100000000)
  region size 1024K, 27 young (27648K), 4 survivors (4096K)
 Metaspace       used 44936K, committed 46144K, reserved 1114112K
  class space    used 6146K, committed 6720K, reserved 1048576K
}
Event: 5.090 GC heap after
{Heap after GC invocations=12 (full 0):
 garbage-first heap   total 88064K, used 47629K [0x0000000080000000, 0x0000000100000000)
  region size 1024K, 3 young (3072K), 3 survivors (3072K)
 Metaspace       used 44936K, committed 46144K, reserved 1114112K
  class space    used 6146K, committed 6720K, reserved 1048576K
}
Event: 5.250 GC heap before
{Heap before GC invocations=13 (full 0):
 garbage-first heap   total 88064K, used 72205K [0x0000000080000000, 0x0000000100000000)
  region size 1024K, 28 young (28672K), 3 survivors (3072K)
 Metaspace       used 46095K, committed 47360K, reserved 1114112K
  class space    used 6286K, committed 6912K, reserved 1048576K
}
Event: 5.253 GC heap after
{Heap after GC invocations=14 (full 0):
 garbage-first heap   total 88064K, used 50025K [0x0000000080000000, 0x0000000100000000)
  region size 1024K, 4 young (4096K), 4 survivors (4096K)
 Metaspace       used 46095K, committed 47360K, reserved 1114112K
  class space    used 6286K, committed 6912K, reserved 1048576K
}
Event: 5.541 GC heap before
{Heap before GC invocations=14 (full 0):
 garbage-first heap   total 88064K, used 74601K [0x0000000080000000, 0x0000000100000000)
  region size 1024K, 28 young (28672K), 4 survivors (4096K)
 Metaspace       used 49322K, committed 50560K, reserved 1114112K
  class space    used 6787K, committed 7424K, reserved 1048576K
}
Event: 5.543 GC heap after
{Heap after GC invocations=15 (full 0):
 garbage-first heap   total 113664K, used 50536K [0x0000000080000000, 0x0000000100000000)
  region size 1024K, 2 young (2048K), 2 survivors (2048K)
 Metaspace       used 49322K, committed 50560K, reserved 1114112K
  class space    used 6787K, committed 7424K, reserved 1048576K
}
Event: 6.079 GC heap before
{Heap before GC invocations=15 (full 0):
 garbage-first heap   total 113664K, used 89448K [0x0000000080000000, 0x0000000100000000)
  region size 1024K, 41 young (41984K), 2 survivors (2048K)
 Metaspace       used 56417K, committed 57792K, reserved 1114112K
  class space    used 7617K, committed 8256K, reserved 1048576K
}
Event: 6.081 GC heap after
{Heap after GC invocations=16 (full 0):
 garbage-first heap   total 113664K, used 54736K [0x0000000080000000, 0x0000000100000000)
  region size 1024K, 6 young (6144K), 6 survivors (6144K)
 Metaspace       used 56417K, committed 57792K, reserved 1114112K
  class space    used 7617K, committed 8256K, reserved 1048576K
}
Event: 6.089 GC heap before
{Heap before GC invocations=16 (full 0):
 garbage-first heap   total 113664K, used 55760K [0x0000000080000000, 0x0000000100000000)
  region size 1024K, 8 young (8192K), 6 survivors (6144K)
 Metaspace       used 56435K, committed 57792K, reserved 1114112K
  class space    used 7617K, committed 8256K, reserved 1048576K
}
Event: 6.092 GC heap after
{Heap after GC invocations=17 (full 0):
 garbage-first heap   total 113664K, used 55725K [0x0000000080000000, 0x0000000100000000)
  region size 1024K, 1 young (1024K), 1 survivors (1024K)
 Metaspace       used 56435K, committed 57792K, reserved 1114112K
  class space    used 7617K, committed 8256K, reserved 1048576K
}
Event: 6.450 GC heap before
{Heap before GC invocations=18 (full 0):
 garbage-first heap   total 113664K, used 97709K [0x0000000080000000, 0x0000000100000000)
  region size 1024K, 37 young (37888K), 1 survivors (1024K)
 Metaspace       used 59071K, committed 60544K, reserved 1114112K
  class space    used 7944K, committed 8640K, reserved 1048576K
}
Event: 6.453 GC heap after
{Heap after GC invocations=19 (full 0):
 garbage-first heap   total 113664K, used 56701K [0x0000000080000000, 0x0000000100000000)
  region size 1024K, 2 young (2048K), 2 survivors (2048K)
 Metaspace       used 59071K, committed 60544K, reserved 1114112K
  class space    used 7944K, committed 8640K, reserved 1048576K
}

